<?xml version="1.0" encoding="UTF-8"?>
<!-- Generated by org.testng.reporters.JUnitReportReporter -->
<testsuite hostname="DESKTOP-IMES8B3" failures="0" tests="1" name="testCases.TC002_LoginTest" time="3.134" errors="0" timestamp="2024-12-24T19:20:11 IST" skipped="0">
  <testcase classname="testCases.TC002_LoginTest" name="verify_Login" time="3.134"/>
</testsuite> <!-- testCases.TC002_LoginTest -->
