<?xml version="1.0" encoding="UTF-8"?>
<!-- Generated by org.testng.reporters.JUnitReportReporter -->
<testsuite hostname="DESKTOP-IMES8B3" failures="0" tests="1" name="testCases.TC001_AccountRegistrationTest" time="6.835" errors="0" timestamp="2024-12-24T19:20:11 IST" skipped="0">
  <testcase classname="testCases.TC001_AccountRegistrationTest" name="test_Account_Registration" time="6.835"/>
</testsuite> <!-- testCases.TC001_AccountRegistrationTest -->
