<?xml version="1.0" encoding="UTF-8"?>
<!-- Generated by org.testng.reporters.JUnitReportReporter -->
<testsuite hostname="DESKTOP-IMES8B3" failures="0" tests="1" name="testCases.TC002_LoginTest" time="2.361" errors="0" timestamp="2024-12-25T13:43:13 IST" skipped="0">
  <testcase classname="testCases.TC002_LoginTest" name="verify_Login" time="2.361"/>
</testsuite> <!-- testCases.TC002_LoginTest -->
