<?xml version="1.0" encoding="UTF-8"?>
<!-- Generated by org.testng.reporters.JUnitReportReporter -->
<testsuite hostname="DESKTOP-IMES8B3" failures="0" tests="1" name="testCases.TC001_AccountRegistrationTest" time="3.244" errors="0" timestamp="2024-12-25T13:43:13 IST" skipped="0">
  <testcase classname="testCases.TC001_AccountRegistrationTest" name="test_Account_Registration" time="3.244"/>
</testsuite> <!-- testCases.TC001_AccountRegistrationTest -->
